Using pre-set license
Built from '2020.2/staging' branch; Version is '2020.2.3f1 (8ff31bc5bf5b) revision 9433883'; Using compiler version '192528614'; Build Type 'Release'
OS: 'Windows 10 Home Single Language; OS build 19042.1165; Version 2009; 64bit' Language: 'en' Physical Memory: 16239 MB
BatchMode: 1, IsHumanControllingUs: 0, StartBugReporterOnCrash: 0, Is64bit: 1, IsPro: 0

 COMMAND LINE ARGUMENTS:
D:\Programs\Unity Editor Installs\2020.2.3f1\Editor\Unity.exe
-adb2
-batchMode
-noUpm
-name
AssetImportWorker0
-projectPath
D:/Space Invaders/TakeMeThere
-logFile
Logs/AssetImportWorker0.log
-srvPort
49265
Successfully changed project path to: D:/Space Invaders/TakeMeThere
D:/Space Invaders/TakeMeThere
Using Asset Import Pipeline V2.
Refreshing native plugins compatible for Editor in 66.25 ms, found 0 plugins.
Preloading 0 native plugins for Editor in 0.00 ms.
Initialize engine version: 2020.2.3f1 (8ff31bc5bf5b)
[Subsystems] Discovering subsystems at path D:/Programs/Unity Editor Installs/2020.2.3f1/Editor/Data/Resources/UnitySubsystems
[Subsystems] Discovering subsystems at path D:/Space Invaders/TakeMeThere/Assets
GfxDevice: creating device client; threaded=0
Direct3D:
    Version:  Direct3D 11.0 [level 11.1]
    Renderer: NVIDIA GeForce GTX 1050 Ti (ID=0x1c8c)
    Vendor:   
    VRAM:     4021 MB
    Driver:   30.0.14.7111
Initialize mono
Mono path[0] = 'D:/Programs/Unity Editor Installs/2020.2.3f1/Editor/Data/Managed'
Mono path[1] = 'D:/Programs/Unity Editor Installs/2020.2.3f1/Editor/Data/MonoBleedingEdge/lib/mono/unityjit'
Mono config path = 'D:/Programs/Unity Editor Installs/2020.2.3f1/Editor/Data/MonoBleedingEdge/etc'
Using monoOptions --debugger-agent=transport=dt_socket,embedding=1,server=y,suspend=n,address=127.0.0.1:56496
Begin MonoManager ReloadAssembly
Registering precompiled unity dll's ...
Register platform support module: D:/Programs/Unity Editor Installs/2020.2.3f1/Editor/Data/PlaybackEngines/WebGLSupport/UnityEditor.WebGL.Extensions.dll
Register platform support module: D:/Programs/Unity Editor Installs/2020.2.3f1/Editor/Data/PlaybackEngines/MacStandaloneSupport/UnityEditor.OSXStandalone.Extensions.dll
Register platform support module: D:/Programs/Unity Editor Installs/2020.2.3f1/Editor/Data/PlaybackEngines/WindowsStandaloneSupport/UnityEditor.WindowsStandalone.Extensions.dll
Registered in 0.002314 seconds.
Native extension for WindowsStandalone target not found
Native extension for OSXStandalone target not found
Native extension for WebGL target not found
Refreshing native plugins compatible for Editor in 55.22 ms, found 0 plugins.
Preloading 0 native plugins for Editor in 0.00 ms.
Invoked RoslynAnalysisRunner static constructor.
RoslynAnalysisRunner will not be running.
RoslynAnalysisRunner has terminated.
Mono: successfully reloaded assembly
- Completed reload, in  1.591 seconds
Platform modules already initialized, skipping
Registering precompiled user dll's ...
Registered in 0.001489 seconds.
Begin MonoManager ReloadAssembly
Native extension for WindowsStandalone target not found
Native extension for OSXStandalone target not found
Native extension for WebGL target not found
Refreshing native plugins compatible for Editor in 60.74 ms, found 0 plugins.
Preloading 0 native plugins for Editor in 0.00 ms.
Invoked RoslynAnalysisRunner static constructor.
RoslynAnalysisRunner will not be running.
RoslynAnalysisRunner has terminated.
Mono: successfully reloaded assembly
- Completed reload, in  1.135 seconds
Platform modules already initialized, skipping
========================================================================
Worker process is ready to serve import requests
Shader 'Universal Render Pipeline/Particles/Lit': fallback shader 'Universal Render Pipeline/Particles/SimpleLit' not found
Shader 'Universal Render Pipeline/Particles/Lit': fallback shader 'Universal Render Pipeline/Particles/SimpleLit' not found
Launched and connected shader compiler UnityShaderCompiler.exe after 0.07 seconds
Refreshing native plugins compatible for Editor in 0.68 ms, found 0 plugins.
Preloading 0 native plugins for Editor in 0.00 ms.
Unloading 2676 Unused Serialized files (Serialized files now loaded: 0)
System memory in use before: 125.6 MB.
System memory in use after: 122.9 MB.

Unloading 59 unused Assets to reduce memory usage. Loaded Objects now: 3072.
Total: 4.577200 ms (FindLiveObjects: 0.426600 ms CreateObjectMapping: 0.221300 ms MarkObjects: 2.236400 ms  DeleteObjects: 1.691400 ms)

========================================================================
Received Import Request.
  path: Assets/Scenes/MainLevel.unity
  artifactKey: Guid(c0ff6991b9e51144c92e6b8c6356e43c) Importer(815301076,1909f56bfc062723c751e8b465ee728b)
Start importing Assets/Scenes/MainLevel.unity using Guid(c0ff6991b9e51144c92e6b8c6356e43c) Importer(815301076,1909f56bfc062723c751e8b465ee728b)  -> (artifact id: 'd23a5542e505fac992a39dd90117efdb') in 0.026024 seconds
  Import took 0.040444 seconds .

AssetImportWorkerClient::OnTransportError - code=2 error=End of file
